<?xml version="1.0" encoding="UTF-8"?>
<!-- Generated by org.testng.reporters.JUnitReportReporter -->
<testsuite hostname="MSI" failures="0" tests="4" name="testPackage.LoginTestClass" time="14.265" errors="0" timestamp="2024-01-28T00:22:12 IST" skipped="0">
  <testcase classname="testPackage.LoginTestClass" name="loginTest" time="2.321"/>
  <testcase classname="testPackage.LoginTestClass" name="loginTest" time="2.754"/>
  <testcase classname="testPackage.LoginTestClass" name="loginTest" time="2.486"/>
  <testcase classname="testPackage.LoginTestClass" name="loginTest" time="6.704"/>
</testsuite> <!-- testPackage.LoginTestClass -->
