<?xml version="1.0" encoding="UTF-8"?>
<!-- Generated by org.testng.reporters.JUnitReportReporter -->
<testsuite hostname="MSI" failures="0" tests="4" name="testPackage.LoginTestClass" time="18.949" errors="0" timestamp="2024-01-26T17:51:38 IST" skipped="0">
  <testcase classname="testPackage.LoginTestClass" name="loginTest" time="7.475"/>
  <testcase classname="testPackage.LoginTestClass" name="loginTest" time="4.421"/>
  <testcase classname="testPackage.LoginTestClass" name="loginTest" time="3.488"/>
  <testcase classname="testPackage.LoginTestClass" name="loginTest" time="3.565"/>
</testsuite> <!-- testPackage.LoginTestClass -->
