<?xml version="1.0" encoding="UTF-8"?>
<!-- Generated by org.testng.reporters.JUnitReportReporter -->
<testsuite hostname="MSI" failures="0" tests="3" name="testPackage.VerifyOrangeTestClass1" time="71.405" errors="0" timestamp="2024-01-28T00:22:12 IST" skipped="0">
  <testcase classname="testPackage.VerifyOrangeTestClass1" name="verifyAdminOption" time="21.528"/>
  <testcase classname="testPackage.VerifyOrangeTestClass1" name="verifyAboutOption" time="22.671"/>
  <testcase classname="testPackage.VerifyOrangeTestClass1" name="verifyEmployeeTableData" time="27.206"/>
</testsuite> <!-- testPackage.VerifyOrangeTestClass1 -->
