<?xml version="1.0" encoding="UTF-8"?>
<!-- Generated by org.testng.reporters.JUnitReportReporter -->
<testsuite hostname="MSI" failures="0" tests="4" name="testPackage.LoginTestClass" time="14.188" errors="0" timestamp="2024-01-27T15:36:26 IST" skipped="0">
  <testcase classname="testPackage.LoginTestClass" name="loginTest" time="2.337"/>
  <testcase classname="testPackage.LoginTestClass" name="loginTest" time="7.446"/>
  <testcase classname="testPackage.LoginTestClass" name="loginTest" time="2.233"/>
  <testcase classname="testPackage.LoginTestClass" name="loginTest" time="2.172"/>
</testsuite> <!-- testPackage.LoginTestClass -->
