<?xml version="1.0" encoding="UTF-8"?>
<!-- Generated by org.testng.reporters.JUnitReportReporter -->
<testsuite hostname="MSI" failures="0" tests="3" name="testPackage.VerifyOrangeTestClass1" time="76.713" errors="0" timestamp="2024-01-26T23:05:59 IST" skipped="0">
  <testcase classname="testPackage.VerifyOrangeTestClass1" name="verifyAdminOption" time="27.304"/>
  <testcase classname="testPackage.VerifyOrangeTestClass1" name="verifyAboutOption" time="22.990"/>
  <testcase classname="testPackage.VerifyOrangeTestClass1" name="verifyEmployeeTableData" time="26.419"/>
</testsuite> <!-- testPackage.VerifyOrangeTestClass1 -->
