<?xml version="1.0" encoding="UTF-8"?>
<!-- Generated by org.testng.reporters.JUnitReportReporter -->
<testsuite hostname="MSI" failures="0" tests="3" name="testPackage.VerifyOrangeTestClass1" time="70.141" errors="0" timestamp="2024-01-27T13:05:06 IST" skipped="0">
  <testcase classname="testPackage.VerifyOrangeTestClass1" name="verifyAdminOption" time="19.451"/>
  <testcase classname="testPackage.VerifyOrangeTestClass1" name="verifyAboutOption" time="23.216"/>
  <testcase classname="testPackage.VerifyOrangeTestClass1" name="verifyEmployeeTableData" time="27.474"/>
</testsuite> <!-- testPackage.VerifyOrangeTestClass1 -->
