<?xml version="1.0" encoding="UTF-8"?>
<!-- Generated by org.testng.reporters.JUnitReportReporter -->
<testsuite hostname="MSI" failures="0" tests="3" name="testPackage.VerifyOrangeTestClass1" time="69.159" errors="0" timestamp="2024-01-26T17:51:38 IST" skipped="0">
  <testcase classname="testPackage.VerifyOrangeTestClass1" name="verifyAdminOption" time="18.225"/>
  <testcase classname="testPackage.VerifyOrangeTestClass1" name="verifyAboutOption" time="24.139"/>
  <testcase classname="testPackage.VerifyOrangeTestClass1" name="verifyEmployeeTableData" time="26.795"/>
</testsuite> <!-- testPackage.VerifyOrangeTestClass1 -->
