<?xml version="1.0" encoding="UTF-8"?>
<!-- Generated by org.testng.reporters.JUnitReportReporter -->
<testsuite hostname="MSI" failures="0" tests="4" name="testPackage.LoginTestClass" time="15.892" errors="0" timestamp="2024-01-26T23:05:59 IST" skipped="0">
  <testcase classname="testPackage.LoginTestClass" name="loginTest" time="6.933"/>
  <testcase classname="testPackage.LoginTestClass" name="loginTest" time="2.860"/>
  <testcase classname="testPackage.LoginTestClass" name="loginTest" time="3.029"/>
  <testcase classname="testPackage.LoginTestClass" name="loginTest" time="3.070"/>
</testsuite> <!-- testPackage.LoginTestClass -->
